22:46:34 **** Incremental Build of configuration Default for project server ****
make all 
g++ -std=c++11 -lpthread -v test/main.cpp tcp/TCPCommunication.cpp tcp/Messanger.cpp -o serv
Using built-in specs.
COLLECT_GCC=g++
COLLECT_LTO_WRAPPER=/usr/lib/gcc/x86_64-unknown-linux-gnu/5.1.0/lto-wrapper
Target: x86_64-unknown-linux-gnu
Configured with: /build/gcc-multilib/src/gcc-5-20150623/configure --prefix=/usr --libdir=/usr/lib --libexecdir=/usr/lib --mandir=/usr/share/man --infodir=/usr/share/info --with-bugurl=https://bugs.archlinux.org/ --enable-languages=c,c++,ada,fortran,go,lto,objc,obj-c++ --enable-shared --enable-threads=posix --enable-libmpx --with-system-zlib --with-isl --enable-__cxa_atexit --disable-libunwind-exceptions --enable-clocale=gnu --disable-libstdcxx-pch --disable-libssp --enable-gnu-unique-object --enable-linker-build-id --enable-lto --enable-plugin --enable-install-libiberty --with-linker-hash-style=gnu --enable-gnu-indirect-function --enable-multilib --disable-werror --enable-checking=release --with-default-libstdcxx-abi=c++98
Thread model: posix
gcc version 5.1.0 (GCC) 
COLLECT_GCC_OPTIONS='-std=c++11' '-v' '-o' 'serv' '-shared-libgcc' '-mtune=generic' '-march=x86-64'
 /usr/lib/gcc/x86_64-unknown-linux-gnu/5.1.0/cc1plus -quiet -v -D_GNU_SOURCE test/main.cpp -quiet -dumpbase main.cpp -mtune=generic -march=x86-64 -auxbase main -std=c++11 -version -o /tmp/ccP5PHTD.s
GNU C++11 (GCC) version 5.1.0 (x86_64-unknown-linux-gnu)
	compiled by GNU C version 5.1.0, GMP version 6.0.0, MPFR version 3.1.3, MPC version 1.0.3
GGC heuristics: --param ggc-min-expand=100 --param ggc-min-heapsize=131072
ignoring nonexistent directory "/usr/lib/gcc/x86_64-unknown-linux-gnu/5.1.0/../../../../x86_64-unknown-linux-gnu/include"
#include "..." search starts here:
#include <...> search starts here:
 /usr/lib/gcc/x86_64-unknown-linux-gnu/5.1.0/../../../../include/c++/5.1.0
 /usr/lib/gcc/x86_64-unknown-linux-gnu/5.1.0/../../../../include/c++/5.1.0/x86_64-unknown-linux-gnu
 /usr/lib/gcc/x86_64-unknown-linux-gnu/5.1.0/../../../../include/c++/5.1.0/backward
 /usr/lib/gcc/x86_64-unknown-linux-gnu/5.1.0/include
 /usr/local/include
 /usr/lib/gcc/x86_64-unknown-linux-gnu/5.1.0/include-fixed
 /usr/include
End of search list.
GNU C++11 (GCC) version 5.1.0 (x86_64-unknown-linux-gnu)
	compiled by GNU C version 5.1.0, GMP version 6.0.0, MPFR version 3.1.3, MPC version 1.0.3
GGC heuristics: --param ggc-min-expand=100 --param ggc-min-heapsize=131072
Compiler executable checksum: 6c87d01c242f4fc7c66d91ff818f4089
COLLECT_GCC_OPTIONS='-std=c++11' '-v' '-o' 'serv' '-shared-libgcc' '-mtune=generic' '-march=x86-64'
 as -v --64 -o /tmp/cc6p2Br3.o /tmp/ccP5PHTD.s
GNU assembler version 2.25.0 (x86_64-unknown-linux-gnu) using BFD version (GNU Binutils) 2.25.0
COLLECT_GCC_OPTIONS='-std=c++11' '-v' '-o' 'serv' '-shared-libgcc' '-mtune=generic' '-march=x86-64'
 /usr/lib/gcc/x86_64-unknown-linux-gnu/5.1.0/cc1plus -quiet -v -D_GNU_SOURCE tcp/TCPCommunication.cpp -quiet -dumpbase TCPCommunication.cpp -mtune=generic -march=x86-64 -auxbase TCPCommunication -std=c++11 -version -o /tmp/ccP5PHTD.s
GNU C++11 (GCC) version 5.1.0 (x86_64-unknown-linux-gnu)
	compiled by GNU C version 5.1.0, GMP version 6.0.0, MPFR version 3.1.3, MPC version 1.0.3
GGC heuristics: --param ggc-min-expand=100 --param ggc-min-heapsize=131072
ignoring nonexistent directory "/usr/lib/gcc/x86_64-unknown-linux-gnu/5.1.0/../../../../x86_64-unknown-linux-gnu/include"
#include "..." search starts here:
#include <...> search starts here:
 /usr/lib/gcc/x86_64-unknown-linux-gnu/5.1.0/../../../../include/c++/5.1.0
 /usr/lib/gcc/x86_64-unknown-linux-gnu/5.1.0/../../../../include/c++/5.1.0/x86_64-unknown-linux-gnu
 /usr/lib/gcc/x86_64-unknown-linux-gnu/5.1.0/../../../../include/c++/5.1.0/backward
 /usr/lib/gcc/x86_64-unknown-linux-gnu/5.1.0/include
 /usr/local/include
 /usr/lib/gcc/x86_64-unknown-linux-gnu/5.1.0/include-fixed
 /usr/include
End of search list.
GNU C++11 (GCC) version 5.1.0 (x86_64-unknown-linux-gnu)
	compiled by GNU C version 5.1.0, GMP version 6.0.0, MPFR version 3.1.3, MPC version 1.0.3
GGC heuristics: --param ggc-min-expand=100 --param ggc-min-heapsize=131072
Compiler executable checksum: 6c87d01c242f4fc7c66d91ff818f4089
COLLECT_GCC_OPTIONS='-std=c++11' '-v' '-o' 'serv' '-shared-libgcc' '-mtune=generic' '-march=x86-64'
 as -v --64 -o /tmp/cc6zw0it.o /tmp/ccP5PHTD.s
GNU assembler version 2.25.0 (x86_64-unknown-linux-gnu) using BFD version (GNU Binutils) 2.25.0
COLLECT_GCC_OPTIONS='-std=c++11' '-v' '-o' 'serv' '-shared-libgcc' '-mtune=generic' '-march=x86-64'
 /usr/lib/gcc/x86_64-unknown-linux-gnu/5.1.0/cc1plus -quiet -v -D_GNU_SOURCE tcp/Messanger.cpp -quiet -dumpbase Messanger.cpp -mtune=generic -march=x86-64 -auxbase Messanger -std=c++11 -version -o /tmp/ccP5PHTD.s
GNU C++11 (GCC) version 5.1.0 (x86_64-unknown-linux-gnu)
	compiled by GNU C version 5.1.0, GMP version 6.0.0, MPFR version 3.1.3, MPC version 1.0.3
GGC heuristics: --param ggc-min-expand=100 --param ggc-min-heapsize=131072
ignoring nonexistent directory "/usr/lib/gcc/x86_64-unknown-linux-gnu/5.1.0/../../../../x86_64-unknown-linux-gnu/include"
#include "..." search starts here:
#include <...> search starts here:
 /usr/lib/gcc/x86_64-unknown-linux-gnu/5.1.0/../../../../include/c++/5.1.0
 /usr/lib/gcc/x86_64-unknown-linux-gnu/5.1.0/../../../../include/c++/5.1.0/x86_64-unknown-linux-gnu
 /usr/lib/gcc/x86_64-unknown-linux-gnu/5.1.0/../../../../include/c++/5.1.0/backward
 /usr/lib/gcc/x86_64-unknown-linux-gnu/5.1.0/include
 /usr/local/include
 /usr/lib/gcc/x86_64-unknown-linux-gnu/5.1.0/include-fixed
 /usr/include
End of search list.
GNU C++11 (GCC) version 5.1.0 (x86_64-unknown-linux-gnu)
	compiled by GNU C version 5.1.0, GMP version 6.0.0, MPFR version 3.1.3, MPC version 1.0.3
GGC heuristics: --param ggc-min-expand=100 --param ggc-min-heapsize=131072
Compiler executable checksum: 6c87d01c242f4fc7c66d91ff818f4089
COLLECT_GCC_OPTIONS='-std=c++11' '-v' '-o' 'serv' '-shared-libgcc' '-mtune=generic' '-march=x86-64'
 as -v --64 -o /tmp/ccBVYqXW.o /tmp/ccP5PHTD.s
GNU assembler version 2.25.0 (x86_64-unknown-linux-gnu) using BFD version (GNU Binutils) 2.25.0
COMPILER_PATH=/usr/lib/gcc/x86_64-unknown-linux-gnu/5.1.0/:/usr/lib/gcc/x86_64-unknown-linux-gnu/5.1.0/:/usr/lib/gcc/x86_64-unknown-linux-gnu/:/usr/lib/gcc/x86_64-unknown-linux-gnu/5.1.0/:/usr/lib/gcc/x86_64-unknown-linux-gnu/
LIBRARY_PATH=/usr/lib/gcc/x86_64-unknown-linux-gnu/5.1.0/:/usr/lib/gcc/x86_64-unknown-linux-gnu/5.1.0/../../../../lib/:/lib/../lib/:/usr/lib/../lib/:/usr/lib/gcc/x86_64-unknown-linux-gnu/5.1.0/../../../:/lib/:/usr/lib/
COLLECT_GCC_OPTIONS='-std=c++11' '-v' '-o' 'serv' '-shared-libgcc' '-mtune=generic' '-march=x86-64'
 /usr/lib/gcc/x86_64-unknown-linux-gnu/5.1.0/collect2 -plugin /usr/lib/gcc/x86_64-unknown-linux-gnu/5.1.0/liblto_plugin.so -plugin-opt=/usr/lib/gcc/x86_64-unknown-linux-gnu/5.1.0/lto-wrapper -plugin-opt=-fresolution=/tmp/cckOCaOq.res -plugin-opt=-pass-through=-lgcc_s -plugin-opt=-pass-through=-lgcc -plugin-opt=-pass-through=-lc -plugin-opt=-pass-through=-lgcc_s -plugin-opt=-pass-through=-lgcc --build-id --eh-frame-hdr --hash-style=gnu -m elf_x86_64 -dynamic-linker /lib64/ld-linux-x86-64.so.2 -o serv /usr/lib/gcc/x86_64-unknown-linux-gnu/5.1.0/../../../../lib/crt1.o /usr/lib/gcc/x86_64-unknown-linux-gnu/5.1.0/../../../../lib/crti.o /usr/lib/gcc/x86_64-unknown-linux-gnu/5.1.0/crtbegin.o -L/usr/lib/gcc/x86_64-unknown-linux-gnu/5.1.0 -L/usr/lib/gcc/x86_64-unknown-linux-gnu/5.1.0/../../../../lib -L/lib/../lib -L/usr/lib/../lib -L/usr/lib/gcc/x86_64-unknown-linux-gnu/5.1.0/../../.. -lpthread /tmp/cc6p2Br3.o /tmp/cc6zw0it.o /tmp/ccBVYqXW.o -lstdc++ -lm -lgcc_s -lgcc -lc -lgcc_s -lgcc /usr/lib/gcc/x86_64-unknown-linux-gnu/5.1.0/crtend.o /usr/lib/gcc/x86_64-unknown-linux-gnu/5.1.0/../../../../lib/crtn.o

22:46:36 Build Finished (took 2s.329ms)

